
> server@1.0.0 start
> node dist/index.js

🔌 Попытка подключения к MongoDB...
URI: mongodb://localhost:27017/beton-crm
(node:41910) [MONGOOSE] Warning: Duplicate schema index on {"key":1} found. This is often due to declaring an index using both "index: true" and "schema.index()". Please remove the duplicate index definition.
(Use `node --trace-warnings ...` to show where the warning was created)
Сервер запущен на порту 5001
✅ MongoDB подключена успешно
Database: beton-crm
Host: localhost
👥 Количество пользователей в базе: 70
🔍 Запуск валидации базы данных...
📊 Статистика базы данных:
  Форм: 1
  Полей: 16
  Полей с formId: 16
  Полей без formId: 0
  Форма 6852ece595049e61337bb843: 16 полей
  Тип formId в базе: string
✅ База данных прошла все проверки
✅ Настройки по умолчанию инициализированы
🔍 AuthMiddleware: POST /api/auth/user-login
🔍 Authorization header: missing
🔍 Token: missing
❌ No token provided
🔍 Login attempt for email: crm@betonexpress.pro
🔍 User found: YES
🔍 User details: ID=688a513b341f32168a4d5fc5, email=crm@betonexpress.pro, role=admin, status=active, isActive=true
🔍 Checking password for user: crm@betonexpress.pro
🔍 Password valid: false
✅ Password check bypassed for admin
🔍 AuthMiddleware: GET /api/submissions/my
🔍 Authorization header: present
🔍 Token: present
✅ Token verified, decoded: {
  userId: '688a513b341f32168a4d5fc5',
  id: '688a513b341f32168a4d5fc5',
  email: 'crm@betonexpress.pro',
  role: 'admin',
  iat: 1753895293,
  exp: 1753909693
}
🔍 Looking for user with userId: 688a513b341f32168a4d5fc5
🔍 Static import result: found
🔍 Dynamic import result: found
🔍 User status: active, isActive: true
✅ User found: crm@betonexpress.pro, role: admin
🔍 Final req.user: set
🔍 Final req.isAdmin: true
🔍 AuthMiddleware: GET /my
🔍 Authorization header: present
🔍 Token: present
✅ Token verified, decoded: {
  userId: '688a513b341f32168a4d5fc5',
  id: '688a513b341f32168a4d5fc5',
  email: 'crm@betonexpress.pro',
  role: 'admin',
  iat: 1753895293,
  exp: 1753909693
}
🔍 Looking for user with userId: 688a513b341f32168a4d5fc5
🔍 Static import result: found
🔍 Dynamic import result: found
🔍 User status: active, isActive: true
✅ User found: crm@betonexpress.pro, role: admin
🔍 Final req.user: set
🔍 Final req.isAdmin: true
🚀 Оптимизированный запрос заявок пользователя 688a513b341f32168a4d5fc5
✅ Получено 0 заявок пользователя
🔍 AuthMiddleware: POST /api/auth/user-login
🔍 Authorization header: missing
🔍 Token: missing
❌ No token provided
🔍 Login attempt for email: crm@betonexpress.pro
🔍 User found: YES
🔍 User details: ID=688a513b341f32168a4d5fc5, email=crm@betonexpress.pro, role=admin, status=active, isActive=true
🔍 Checking password for user: crm@betonexpress.pro
🔍 Password valid: false
✅ Password check bypassed for admin
🔍 AuthMiddleware: GET /api/forms
🔍 Authorization header: present
🔍 Token: present
✅ Token verified, decoded: {
  userId: '688a513b341f32168a4d5fc5',
  id: '688a513b341f32168a4d5fc5',
  email: 'crm@betonexpress.pro',
  role: 'admin',
  iat: 1753895321,
  exp: 1753909721
}
🔍 Looking for user with userId: 688a513b341f32168a4d5fc5
🔍 Static import result: found
🔍 Dynamic import result: found
🔍 User status: active, isActive: true
✅ User found: crm@betonexpress.pro, role: admin
🔍 Final req.user: set
🔍 Final req.isAdmin: true
❌ Memory Cache MISS: forms:active-forms-list
🔄 Загрузка форм из БД
💾 Memory Cache SET: forms:active-forms-list (TTL: 600s)
✅ Получено 1 форм
🔍 AuthMiddleware: GET /api/settings/submissions.enable_copying
🔍 Authorization header: present
🔍 Token: present
✅ Token verified, decoded: {
  userId: '688a513b341f32168a4d5fc5',
  id: '688a513b341f32168a4d5fc5',
  email: 'crm@betonexpress.pro',
  role: 'admin',
  iat: 1753895321,
  exp: 1753909721
}
🔍 Looking for user with userId: 688a513b341f32168a4d5fc5
🔍 AuthMiddleware: GET /api/settings/submissions.allow_user_status_change
🔍 Authorization header: present
🔍 Token: present
✅ Token verified, decoded: {
  userId: '688a513b341f32168a4d5fc5',
  id: '688a513b341f32168a4d5fc5',
  email: 'crm@betonexpress.pro',
  role: 'admin',
  iat: 1753895321,
  exp: 1753909721
}
🔍 Looking for user with userId: 688a513b341f32168a4d5fc5
🔍 AuthMiddleware: GET /api/settings/submissions.allow_user_edit
🔍 Authorization header: present
🔍 Token: present
✅ Token verified, decoded: {
  userId: '688a513b341f32168a4d5fc5',
  id: '688a513b341f32168a4d5fc5',
  email: 'crm@betonexpress.pro',
  role: 'admin',
  iat: 1753895321,
  exp: 1753909721
}
🔍 Looking for user with userId: 688a513b341f32168a4d5fc5
🔍 AuthMiddleware: GET /api/settings/submissions.copy_button_text
🔍 Authorization header: present
🔍 Token: present
✅ Token verified, decoded: {
  userId: '688a513b341f32168a4d5fc5',
  id: '688a513b341f32168a4d5fc5',
  email: 'crm@betonexpress.pro',
  role: 'admin',
  iat: 1753895321,
  exp: 1753909721
}
🔍 Looking for user with userId: 688a513b341f32168a4d5fc5
🔍 Static import result: found
🔍 Dynamic import result: found
🔍 User status: active, isActive: true
✅ User found: crm@betonexpress.pro, role: admin
🔍 Final req.user: set
🔍 Final req.isAdmin: true
🔍 AuthMiddleware: GET /api/submissions/bitrix/stages/1
🔍 Authorization header: present
🔍 Token: present
✅ Token verified, decoded: {
  userId: '688a513b341f32168a4d5fc5',
  id: '688a513b341f32168a4d5fc5',
  email: 'crm@betonexpress.pro',
  role: 'admin',
  iat: 1753895321,
  exp: 1753909721
}
🔍 Looking for user with userId: 688a513b341f32168a4d5fc5
🔍 Static import result: found
🔍 Dynamic import result: found
🔍 User status: active, isActive: true
✅ User found: crm@betonexpress.pro, role: admin
🔍 Final req.user: set
🔍 Final req.isAdmin: true
🔍 Static import result: found
🔍 Dynamic import result: found
🔍 User status: active, isActive: true
✅ User found: crm@betonexpress.pro, role: admin
🔍 Final req.user: set
🔍 Final req.isAdmin: true
🔍 AuthMiddleware: GET /api/users
🔍 Authorization header: present
🔍 Token: present
✅ Token verified, decoded: {
  userId: '688a513b341f32168a4d5fc5',
  id: '688a513b341f32168a4d5fc5',
  email: 'crm@betonexpress.pro',
  role: 'admin',
  iat: 1753895321,
  exp: 1753909721
}
🔍 Looking for user with userId: 688a513b341f32168a4d5fc5
🔍 AuthMiddleware: GET /api/submissions
🔍 Authorization header: present
🔍 Token: present
✅ Token verified, decoded: {
  userId: '688a513b341f32168a4d5fc5',
  id: '688a513b341f32168a4d5fc5',
  email: 'crm@betonexpress.pro',
  role: 'admin',
  iat: 1753895321,
  exp: 1753909721
}
🔍 Looking for user with userId: 688a513b341f32168a4d5fc5
🔍 Static import result: found
🔍 Dynamic import result: found
🔍 User status: active, isActive: true
✅ User found: crm@betonexpress.pro, role: admin
🔍 Final req.user: set
🔍 Final req.isAdmin: true
🔍 Static import result: found
🔍 Dynamic import result: found
🔍 User status: active, isActive: true
✅ User found: crm@betonexpress.pro, role: admin
🔍 Final req.user: set
🔍 Final req.isAdmin: true
🔍 AuthMiddleware: GET /bitrix/stages/1
🔍 Authorization header: present
🔍 Token: present
✅ Token verified, decoded: {
  userId: '688a513b341f32168a4d5fc5',
  id: '688a513b341f32168a4d5fc5',
  email: 'crm@betonexpress.pro',
  role: 'admin',
  iat: 1753895321,
  exp: 1753909721
}
🔍 Looking for user with userId: 688a513b341f32168a4d5fc5
🔍 Static import result: found
🔍 Dynamic import result: found
🔍 User status: active, isActive: true
✅ User found: crm@betonexpress.pro, role: admin
🔍 Final req.user: set
🔍 Final req.isAdmin: true
🔍 AuthMiddleware: GET /
🔍 Authorization header: present
🔍 Token: present
✅ Token verified, decoded: {
  userId: '688a513b341f32168a4d5fc5',
  id: '688a513b341f32168a4d5fc5',
  email: 'crm@betonexpress.pro',
  role: 'admin',
  iat: 1753895321,
  exp: 1753909721
}
🔍 Looking for user with userId: 688a513b341f32168a4d5fc5
🔍 Static import result: found
🔍 Dynamic import result: found
🔍 User status: active, isActive: true
✅ User found: crm@betonexpress.pro, role: admin
🔍 Final req.user: set
🔍 Final req.isAdmin: true
🔍 AuthMiddleware: GET /
🔍 Authorization header: present
🔍 Token: present
✅ Token verified, decoded: {
  userId: '688a513b341f32168a4d5fc5',
  id: '688a513b341f32168a4d5fc5',
  email: 'crm@betonexpress.pro',
  role: 'admin',
  iat: 1753895321,
  exp: 1753909721
}
🔍 Looking for user with userId: 688a513b341f32168a4d5fc5
🔍 Static import result: found
🔍 Dynamic import result: found
🔍 User status: active, isActive: true
✅ User found: crm@betonexpress.pro, role: admin
🔍 Final req.user: set
🔍 Final req.isAdmin: true
🔍 Static import result: found
🔍 Dynamic import result: found
🔍 User status: active, isActive: true
✅ User found: crm@betonexpress.pro, role: admin
🔍 Final req.user: set
🔍 Final req.isAdmin: true
🔍 Static import result: found
🔍 Dynamic import result: found
🔍 User status: active, isActive: true
✅ User found: crm@betonexpress.pro, role: admin
🔍 Final req.user: set
🔍 Final req.isAdmin: true
🔍 Оптимизированный запрос заявок: страница 1, лимит 10
✅ Получено 10 заявок из 13
🔍 AuthMiddleware: GET /api/forms
🔍 Authorization header: present
🔍 Token: present
✅ Token verified, decoded: {
  userId: '688a513b341f32168a4d5fc5',
  id: '688a513b341f32168a4d5fc5',
  email: 'crm@betonexpress.pro',
  role: 'admin',
  iat: 1753895321,
  exp: 1753909721
}
🔍 Looking for user with userId: 688a513b341f32168a4d5fc5
🔍 Static import result: found
🔍 Dynamic import result: found
🔍 User status: active, isActive: true
✅ User found: crm@betonexpress.pro, role: admin
🔍 Final req.user: set
🔍 Final req.isAdmin: true
📦 Memory Cache HIT: forms:active-forms-list
📦 Использован кэш для списка форм
🔍 AuthMiddleware: GET /api/forms/6852ece595049e61337bb843
🔍 Authorization header: present
🔍 Token: present
✅ Token verified, decoded: {
  userId: '688a513b341f32168a4d5fc5',
  id: '688a513b341f32168a4d5fc5',
  email: 'crm@betonexpress.pro',
  role: 'admin',
  iat: 1753895321,
  exp: 1753909721
}
🔍 Looking for user with userId: 688a513b341f32168a4d5fc5
🔍 Static import result: found
🔍 Dynamic import result: found
🔍 User status: active, isActive: true
✅ User found: crm@betonexpress.pro, role: admin
🔍 Final req.user: set
🔍 Final req.isAdmin: true
Получение формы по ID: 6852ece595049e61337bb843
❌ Memory Cache MISS: forms:form-with-fields:6852ece595049e61337bb843
🔄 Загрузка формы 6852ece595049e61337bb843 из БД
Форма не найдена: 6852ece595049e61337bb843
🔍 AuthMiddleware: GET /api/forms
🔍 Authorization header: missing
🔍 Token: missing
❌ No token provided
📦 Memory Cache HIT: forms:active-forms-list
📦 Использован кэш для списка форм
🔍 AuthMiddleware: GET /api/forms
🔍 Authorization header: present
🔍 Token: present
✅ Token verified, decoded: {
  userId: '688a513b341f32168a4d5fc5',
  id: '688a513b341f32168a4d5fc5',
  email: 'crm@betonexpress.pro',
  role: 'admin',
  iat: 1753895321,
  exp: 1753909721
}
🔍 Looking for user with userId: 688a513b341f32168a4d5fc5
🔍 Static import result: found
🔍 Dynamic import result: found
🔍 User status: active, isActive: true
✅ User found: crm@betonexpress.pro, role: admin
🔍 Final req.user: set
🔍 Final req.isAdmin: true
📦 Memory Cache HIT: forms:active-forms-list
📦 Использован кэш для списка форм
🔍 AuthMiddleware: GET /api/settings/submissions.enable_copying
🔍 Authorization header: present
🔍 Token: present
✅ Token verified, decoded: {
  userId: '688a513b341f32168a4d5fc5',
  id: '688a513b341f32168a4d5fc5',
  email: 'crm@betonexpress.pro',
  role: 'admin',
  iat: 1753895321,
  exp: 1753909721
}
🔍 Looking for user with userId: 688a513b341f32168a4d5fc5
🔍 AuthMiddleware: GET /api/settings/submissions.allow_user_status_change
🔍 Authorization header: present
🔍 Token: present
✅ Token verified, decoded: {
  userId: '688a513b341f32168a4d5fc5',
  id: '688a513b341f32168a4d5fc5',
  email: 'crm@betonexpress.pro',
  role: 'admin',
  iat: 1753895321,
  exp: 1753909721
}
🔍 Looking for user with userId: 688a513b341f32168a4d5fc5
🔍 AuthMiddleware: GET /api/settings/submissions.allow_user_edit
🔍 Authorization header: present
🔍 Token: present
✅ Token verified, decoded: {
  userId: '688a513b341f32168a4d5fc5',
  id: '688a513b341f32168a4d5fc5',
  email: 'crm@betonexpress.pro',
  role: 'admin',
  iat: 1753895321,
  exp: 1753909721
}
🔍 Looking for user with userId: 688a513b341f32168a4d5fc5
🔍 AuthMiddleware: GET /api/settings/submissions.copy_button_text
🔍 Authorization header: present
🔍 Token: present
✅ Token verified, decoded: {
  userId: '688a513b341f32168a4d5fc5',
  id: '688a513b341f32168a4d5fc5',
  email: 'crm@betonexpress.pro',
  role: 'admin',
  iat: 1753895321,
  exp: 1753909721
}
🔍 Looking for user with userId: 688a513b341f32168a4d5fc5
🔍 AuthMiddleware: GET /api/submissions
🔍 Authorization header: present
🔍 Token: present
✅ Token verified, decoded: {
  userId: '688a513b341f32168a4d5fc5',
  id: '688a513b341f32168a4d5fc5',
  email: 'crm@betonexpress.pro',
  role: 'admin',
  iat: 1753895321,
  exp: 1753909721
}
🔍 Looking for user with userId: 688a513b341f32168a4d5fc5
🔍 Static import result: found
🔍 Dynamic import result: found
🔍 User status: active, isActive: true
✅ User found: crm@betonexpress.pro, role: admin
🔍 Final req.user: set
🔍 Final req.isAdmin: true
🔍 AuthMiddleware: GET /api/submissions/bitrix/stages/1
🔍 Authorization header: present
🔍 Token: present
✅ Token verified, decoded: {
  userId: '688a513b341f32168a4d5fc5',
  id: '688a513b341f32168a4d5fc5',
  email: 'crm@betonexpress.pro',
  role: 'admin',
  iat: 1753895321,
  exp: 1753909721
}
🔍 Looking for user with userId: 688a513b341f32168a4d5fc5
🔍 Static import result: found
🔍 Dynamic import result: found
🔍 User status: active, isActive: true
✅ User found: crm@betonexpress.pro, role: admin
🔍 Final req.user: set
🔍 Final req.isAdmin: true
🔍 Static import result: found
🔍 Dynamic import result: found
🔍 User status: active, isActive: true
✅ User found: crm@betonexpress.pro, role: admin
🔍 Final req.user: set
🔍 Final req.isAdmin: true
🔍 Static import result: found
🔍 Dynamic import result: found
🔍 User status: active, isActive: true
✅ User found: crm@betonexpress.pro, role: admin
🔍 Final req.user: set
🔍 Final req.isAdmin: true
🔍 AuthMiddleware: GET /api/users
🔍 Authorization header: present
🔍 Token: present
✅ Token verified, decoded: {
  userId: '688a513b341f32168a4d5fc5',
  id: '688a513b341f32168a4d5fc5',
  email: 'crm@betonexpress.pro',
  role: 'admin',
  iat: 1753895321,
  exp: 1753909721
}
🔍 Looking for user with userId: 688a513b341f32168a4d5fc5
🔍 Static import result: found
🔍 Dynamic import result: found
🔍 User status: active, isActive: true
✅ User found: crm@betonexpress.pro, role: admin
🔍 Final req.user: set
🔍 Final req.isAdmin: true
🔍 AuthMiddleware: GET /bitrix/stages/1
🔍 Authorization header: present
🔍 Token: present
✅ Token verified, decoded: {
  userId: '688a513b341f32168a4d5fc5',
  id: '688a513b341f32168a4d5fc5',
  email: 'crm@betonexpress.pro',
  role: 'admin',
  iat: 1753895321,
  exp: 1753909721
}
🔍 Looking for user with userId: 688a513b341f32168a4d5fc5
🔍 Static import result: found
🔍 Dynamic import result: found
🔍 User status: active, isActive: true
✅ User found: crm@betonexpress.pro, role: admin
🔍 Final req.user: set
🔍 Final req.isAdmin: true
🔍 AuthMiddleware: GET /
🔍 Authorization header: present
🔍 Token: present
✅ Token verified, decoded: {
  userId: '688a513b341f32168a4d5fc5',
  id: '688a513b341f32168a4d5fc5',
  email: 'crm@betonexpress.pro',
  role: 'admin',
  iat: 1753895321,
  exp: 1753909721
}
🔍 Looking for user with userId: 688a513b341f32168a4d5fc5
🔍 Static import result: found
🔍 Dynamic import result: found
🔍 User status: active, isActive: true
✅ User found: crm@betonexpress.pro, role: admin
🔍 Final req.user: set
🔍 Final req.isAdmin: true
🔍 AuthMiddleware: GET /
🔍 Authorization header: present
🔍 Token: present
✅ Token verified, decoded: {
  userId: '688a513b341f32168a4d5fc5',
  id: '688a513b341f32168a4d5fc5',
  email: 'crm@betonexpress.pro',
  role: 'admin',
  iat: 1753895321,
  exp: 1753909721
}
🔍 Looking for user with userId: 688a513b341f32168a4d5fc5
🔍 Static import result: found
🔍 Dynamic import result: found
🔍 User status: active, isActive: true
✅ User found: crm@betonexpress.pro, role: admin
🔍 Final req.user: set
🔍 Final req.isAdmin: true
🔍 Static import result: found
🔍 Dynamic import result: found
🔍 User status: active, isActive: true
✅ User found: crm@betonexpress.pro, role: admin
🔍 Final req.user: set
🔍 Final req.isAdmin: true
🔍 Оптимизированный запрос заявок: страница 1, лимит 10
🔍 Static import result: found
🔍 Dynamic import result: found
🔍 User status: active, isActive: true
✅ User found: crm@betonexpress.pro, role: admin
🔍 Final req.user: set
🔍 Final req.isAdmin: true
✅ Получено 10 заявок из 13
🔍 AuthMiddleware: GET /api/forms
🔍 Authorization header: present
🔍 Token: present
✅ Token verified, decoded: {
  userId: '688a513b341f32168a4d5fc5',
  id: '688a513b341f32168a4d5fc5',
  email: 'crm@betonexpress.pro',
  role: 'admin',
  iat: 1753895321,
  exp: 1753909721
}
🔍 Looking for user with userId: 688a513b341f32168a4d5fc5
🔍 Static import result: found
🔍 Dynamic import result: found
🔍 User status: active, isActive: true
✅ User found: crm@betonexpress.pro, role: admin
🔍 Final req.user: set
🔍 Final req.isAdmin: true
📦 Memory Cache HIT: forms:active-forms-list
📦 Использован кэш для списка форм
🔍 AuthMiddleware: GET /api/form-fields/bitrix/fields
🔍 Authorization header: present
🔍 Token: present
✅ Token verified, decoded: {
  userId: '688a513b341f32168a4d5fc5',
  id: '688a513b341f32168a4d5fc5',
  email: 'crm@betonexpress.pro',
  role: 'admin',
  iat: 1753895321,
  exp: 1753909721
}
🔍 Looking for user with userId: 688a513b341f32168a4d5fc5
🔍 AuthMiddleware: GET /api/forms/bitrix/deal-categories
🔍 Authorization header: present
🔍 Token: present
✅ Token verified, decoded: {
  userId: '688a513b341f32168a4d5fc5',
  id: '688a513b341f32168a4d5fc5',
  email: 'crm@betonexpress.pro',
  role: 'admin',
  iat: 1753895321,
  exp: 1753909721
}
🔍 Looking for user with userId: 688a513b341f32168a4d5fc5
🔍 Static import result: found
🔍 Dynamic import result: found
🔍 User status: active, isActive: true
✅ User found: crm@betonexpress.pro, role: admin
🔍 Final req.user: set
🔍 Final req.isAdmin: true
❌ Memory Cache MISS: bitrix24:deal-categories
🔄 Загрузка категорий сделок из Битрикс24
🔍 Static import result: found
🔍 Dynamic import result: found
🔍 User status: active, isActive: true
✅ User found: crm@betonexpress.pro, role: admin
🔍 Final req.user: set
🔍 Final req.isAdmin: true
💾 Memory Cache SET: bitrix24:deal-categories (TTL: 7200s)
✅ Получено 0 категорий сделок
Полученные данные от Bitrix24: {
  "result": {
    "categories": [
      {
        "id": 6,
        "name": "Обзвон",
        "sort": 100,
        "entityTypeId": 2,
        "isDefault": "N",
        "originId": "",
        "originatorId": ""
      },
      {
        "id": 1,
        "name": "Заявка",
        "sort": 200,
        "entityTypeId": 2,
        "isDefault": "N",
        "originId": "",
        "originatorId": ""
      },
      {
        "id": 0,
        "name": "Ключевые клиенты",
        "sort": 300,
        "entityTypeId": 2,
        "isDefault": "Y"
      },
      {
        "id": 9,
        "name": "Производство",
        "sort": 400,
        "entityTypeId": 2,
        "isDefault": "N",
        "originId": "",
        "originatorId": ""
      },
      {
        "id": 10,
        "name": "Менеджмент",
        "sort": 510,
        "entityTypeId": 2,
        "isDefault": "N",
        "originId": "",
        "originatorId": ""
      }
    ]
  },
  "total": 5,
  "time": {
    "start": 1753895494.939301,
    "finish": 1753895494.972662,
    "duration": 0.033360958099365234,
    "processing": 0.002177000045776367,
    "date_start": "2025-07-30T20:11:34+03:00",
    "date_finish": "2025-07-30T20:11:34+03:00"
  }
}
Отформатированные категории: [
  { id: '6', name: 'Обзвон', sort: 100, isDefault: 'N' },
  { id: '1', name: 'Заявка', sort: 200, isDefault: 'N' },
  { id: '', name: 'Ключевые клиенты', sort: 300, isDefault: 'Y' },
  { id: '9', name: 'Производство', sort: 400, isDefault: 'N' },
  { id: '10', name: 'Менеджмент', sort: 510, isDefault: 'N' }
]
🔍 AuthMiddleware: GET /api/forms/bitrix/deal-categories
🔍 Authorization header: present
🔍 Token: present
✅ Token verified, decoded: {
  userId: '688a513b341f32168a4d5fc5',
  id: '688a513b341f32168a4d5fc5',
  email: 'crm@betonexpress.pro',
  role: 'admin',
  iat: 1753895321,
  exp: 1753909721
}
🔍 Looking for user with userId: 688a513b341f32168a4d5fc5
🔍 Static import result: found
🔍 Dynamic import result: found
🔍 User status: active, isActive: true
✅ User found: crm@betonexpress.pro, role: admin
🔍 Final req.user: set
🔍 Final req.isAdmin: true
📦 Memory Cache HIT: bitrix24:deal-categories
📦 Использован кэш для категорий сделок
Полученные данные от Bitrix24: {
  "result": {
    "categories": [
      {
        "id": 6,
        "name": "Обзвон",
        "sort": 100,
        "entityTypeId": 2,
        "isDefault": "N",
        "originId": "",
        "originatorId": ""
      },
      {
        "id": 1,
        "name": "Заявка",
        "sort": 200,
        "entityTypeId": 2,
        "isDefault": "N",
        "originId": "",
        "originatorId": ""
      },
      {
        "id": 0,
        "name": "Ключевые клиенты",
        "sort": 300,
        "entityTypeId": 2,
        "isDefault": "Y"
      },
      {
        "id": 9,
        "name": "Производство",
        "sort": 400,
        "entityTypeId": 2,
        "isDefault": "N",
        "originId": "",
        "originatorId": ""
      },
      {
        "id": 10,
        "name": "Менеджмент",
        "sort": 510,
        "entityTypeId": 2,
        "isDefault": "N",
        "originId": "",
        "originatorId": ""
      }
    ]
  }
}
Отформатированные категории: [
  { id: '6', name: 'Обзвон', sort: 100, isDefault: 'N' },
  { id: '1', name: 'Заявка', sort: 200, isDefault: 'N' },
  { id: '', name: 'Ключевые клиенты', sort: 300, isDefault: 'Y' },
  { id: '9', name: 'Производство', sort: 400, isDefault: 'N' },
  { id: '10', name: 'Менеджмент', sort: 510, isDefault: 'N' }
]
🔍 AuthMiddleware: GET /api/users
🔍 Authorization header: missing
🔍 Token: missing
❌ No token provided
🔍 AuthMiddleware: GET /
🔍 Authorization header: missing
🔍 Token: missing
❌ No token provided
🔍 AuthMiddleware: GET /api/forms/bitrix/deal-stages
🔍 Authorization header: present
🔍 Token: present
✅ Token verified, decoded: {
  userId: '688a513b341f32168a4d5fc5',
  id: '688a513b341f32168a4d5fc5',
  email: 'crm@betonexpress.pro',
  role: 'admin',
  iat: 1753895321,
  exp: 1753909721
}
🔍 Looking for user with userId: 688a513b341f32168a4d5fc5
🔍 Static import result: found
🔍 Dynamic import result: found
🔍 User status: active, isActive: true
✅ User found: crm@betonexpress.pro, role: admin
🔍 Final req.user: set
🔍 Final req.isAdmin: true
❌ Memory Cache MISS: bitrix24:deal-stages:0
🔄 Загрузка статусов сделок для категории 0 из Битрикс24
🔍 AuthMiddleware: GET /api/auth/check
🔍 Authorization header: present
🔍 Token: present
✅ Token verified, decoded: {
  userId: '688a513b341f32168a4d5fc5',
  id: '688a513b341f32168a4d5fc5',
  email: 'crm@betonexpress.pro',
  role: 'admin',
  iat: 1753895321,
  exp: 1753909721
}
🔍 Looking for user with userId: 688a513b341f32168a4d5fc5
🔍 Static import result: found
🔍 Dynamic import result: found
🔍 User status: active, isActive: true
✅ User found: crm@betonexpress.pro, role: admin
🔍 Final req.user: set
🔍 Final req.isAdmin: true
🔍 AuthMiddleware: GET /check
🔍 Authorization header: present
🔍 Token: present
✅ Token verified, decoded: {
  userId: '688a513b341f32168a4d5fc5',
  id: '688a513b341f32168a4d5fc5',
  email: 'crm@betonexpress.pro',
  role: 'admin',
  iat: 1753895321,
  exp: 1753909721
}
🔍 Looking for user with userId: 688a513b341f32168a4d5fc5
🔍 Static import result: found
🔍 Dynamic import result: found
🔍 User status: active, isActive: true
✅ User found: crm@betonexpress.pro, role: admin
🔍 Final req.user: set
🔍 Final req.isAdmin: true
🔍 AuthMiddleware: GET /api/forms
🔍 Authorization header: present
🔍 Token: present
✅ Token verified, decoded: {
  userId: '688a513b341f32168a4d5fc5',
  id: '688a513b341f32168a4d5fc5',
  email: 'crm@betonexpress.pro',
  role: 'admin',
  iat: 1753895321,
  exp: 1753909721
}
🔍 Looking for user with userId: 688a513b341f32168a4d5fc5
🔍 Static import result: found
🔍 Dynamic import result: found
🔍 User status: active, isActive: true
✅ User found: crm@betonexpress.pro, role: admin
🔍 Final req.user: set
🔍 Final req.isAdmin: true
📦 Memory Cache HIT: forms:active-forms-list
📦 Использован кэш для списка форм
💾 Memory Cache SET: bitrix24:deal-stages:0 (TTL: 3600s)
✅ Получено 10 статусов для категории 0
🔍 AuthMiddleware: GET /api/forms/bitrix/deal-categories
🔍 Authorization header: present
🔍 Token: present
✅ Token verified, decoded: {
  userId: '688a513b341f32168a4d5fc5',
  id: '688a513b341f32168a4d5fc5',
  email: 'crm@betonexpress.pro',
  role: 'admin',
  iat: 1753895321,
  exp: 1753909721
}
🔍 Looking for user with userId: 688a513b341f32168a4d5fc5
🔍 Static import result: found
🔍 Dynamic import result: found
🔍 User status: active, isActive: true
✅ User found: crm@betonexpress.pro, role: admin
🔍 Final req.user: set
🔍 Final req.isAdmin: true
📦 Memory Cache HIT: bitrix24:deal-categories
📦 Использован кэш для категорий сделок
Полученные данные от Bitrix24: {
  "result": {
    "categories": [
      {
        "id": 6,
        "name": "Обзвон",
        "sort": 100,
        "entityTypeId": 2,
        "isDefault": "N",
        "originId": "",
        "originatorId": ""
      },
      {
        "id": 1,
        "name": "Заявка",
        "sort": 200,
        "entityTypeId": 2,
        "isDefault": "N",
        "originId": "",
        "originatorId": ""
      },
      {
        "id": 0,
        "name": "Ключевые клиенты",
        "sort": 300,
        "entityTypeId": 2,
        "isDefault": "Y"
      },
      {
        "id": 9,
        "name": "Производство",
        "sort": 400,
        "entityTypeId": 2,
        "isDefault": "N",
        "originId": "",
        "originatorId": ""
      },
      {
        "id": 10,
        "name": "Менеджмент",
        "sort": 510,
        "entityTypeId": 2,
        "isDefault": "N",
        "originId": "",
        "originatorId": ""
      }
    ]
  }
}
Отформатированные категории: [
  { id: '6', name: 'Обзвон', sort: 100, isDefault: 'N' },
  { id: '1', name: 'Заявка', sort: 200, isDefault: 'N' },
  { id: '', name: 'Ключевые клиенты', sort: 300, isDefault: 'Y' },
  { id: '9', name: 'Производство', sort: 400, isDefault: 'N' },
  { id: '10', name: 'Менеджмент', sort: 510, isDefault: 'N' }
]
🔍 AuthMiddleware: GET /api/users
🔍 Authorization header: missing
🔍 Token: missing
❌ No token provided
🔍 AuthMiddleware: GET /
🔍 Authorization header: missing
🔍 Token: missing
❌ No token provided
🔍 AuthMiddleware: GET /api/forms/bitrix/deal-stages
🔍 Authorization header: present
🔍 Token: present
✅ Token verified, decoded: {
  userId: '688a513b341f32168a4d5fc5',
  id: '688a513b341f32168a4d5fc5',
  email: 'crm@betonexpress.pro',
  role: 'admin',
  iat: 1753895321,
  exp: 1753909721
}
🔍 Looking for user with userId: 688a513b341f32168a4d5fc5
🔍 Static import result: found
🔍 Dynamic import result: found
🔍 User status: active, isActive: true
✅ User found: crm@betonexpress.pro, role: admin
🔍 Final req.user: set
🔍 Final req.isAdmin: true
📦 Memory Cache HIT: bitrix24:deal-stages:0
📦 Использован кэш для статусов категории 0
🔍 AuthMiddleware: GET /api/auth/check
🔍 Authorization header: present
🔍 Token: present
✅ Token verified, decoded: {
  userId: '688a513b341f32168a4d5fc5',
  id: '688a513b341f32168a4d5fc5',
  email: 'crm@betonexpress.pro',
  role: 'admin',
  iat: 1753895321,
  exp: 1753909721
}
🔍 Looking for user with userId: 688a513b341f32168a4d5fc5
🔍 Static import result: found
🔍 Dynamic import result: found
🔍 User status: active, isActive: true
✅ User found: crm@betonexpress.pro, role: admin
🔍 Final req.user: set
🔍 Final req.isAdmin: true
🔍 AuthMiddleware: GET /check
🔍 Authorization header: present
🔍 Token: present
✅ Token verified, decoded: {
  userId: '688a513b341f32168a4d5fc5',
  id: '688a513b341f32168a4d5fc5',
  email: 'crm@betonexpress.pro',
  role: 'admin',
  iat: 1753895321,
  exp: 1753909721
}
🔍 Looking for user with userId: 688a513b341f32168a4d5fc5
🔍 Static import result: found
🔍 Dynamic import result: found
🔍 User status: active, isActive: true
✅ User found: crm@betonexpress.pro, role: admin
🔍 Final req.user: set
🔍 Final req.isAdmin: true
🔍 AuthMiddleware: GET /api/forms
🔍 Authorization header: present
🔍 Token: present
✅ Token verified, decoded: {
  userId: '688a513b341f32168a4d5fc5',
  id: '688a513b341f32168a4d5fc5',
  email: 'crm@betonexpress.pro',
  role: 'admin',
  iat: 1753895321,
  exp: 1753909721
}
🔍 Looking for user with userId: 688a513b341f32168a4d5fc5
🔍 Static import result: found
🔍 Dynamic import result: found
🔍 User status: active, isActive: true
✅ User found: crm@betonexpress.pro, role: admin
🔍 Final req.user: set
🔍 Final req.isAdmin: true
📦 Memory Cache HIT: forms:active-forms-list
📦 Использован кэш для списка форм
🔍 AuthMiddleware: GET /backups
🔍 Authorization header: present
🔍 Token: present
✅ Token verified, decoded: {
  userId: '688a513b341f32168a4d5fc5',
  id: '688a513b341f32168a4d5fc5',
  email: 'crm@betonexpress.pro',
  role: 'admin',
  iat: 1753895321,
  exp: 1753909721
}
🔍 Looking for user with userId: 688a513b341f32168a4d5fc5
🔍 Static import result: found
🔍 Dynamic import result: found
🔍 User status: active, isActive: true
✅ User found: crm@betonexpress.pro, role: admin
🔍 Final req.user: set
🔍 Final req.isAdmin: true
🔍 AuthMiddleware: GET /api/settings
🔍 Authorization header: present
🔍 Token: present
✅ Token verified, decoded: {
  userId: '688a513b341f32168a4d5fc5',
  id: '688a513b341f32168a4d5fc5',
  email: 'crm@betonexpress.pro',
  role: 'admin',
  iat: 1753895321,
  exp: 1753909721
}
🔍 Looking for user with userId: 688a513b341f32168a4d5fc5
🔍 Static import result: found
🔍 Dynamic import result: found
🔍 User status: active, isActive: true
✅ User found: crm@betonexpress.pro, role: admin
🔍 Final req.user: set
🔍 Final req.isAdmin: true
🔍 AuthMiddleware: GET /api/settings/submissions.allow_user_status_change
🔍 Authorization header: present
🔍 Token: present
✅ Token verified, decoded: {
  userId: '688a513b341f32168a4d5fc5',
  id: '688a513b341f32168a4d5fc5',
  email: 'crm@betonexpress.pro',
  role: 'admin',
  iat: 1753895321,
  exp: 1753909721
}
🔍 Looking for user with userId: 688a513b341f32168a4d5fc5
🔍 Static import result: found
🔍 Dynamic import result: found
🔍 User status: active, isActive: true
✅ User found: crm@betonexpress.pro, role: admin
🔍 Final req.user: set
🔍 Final req.isAdmin: true
🔍 AuthMiddleware: PUT /api/settings/submissions.allow_user_status_change
🔍 Authorization header: present
🔍 Token: present
✅ Token verified, decoded: {
  userId: '688a513b341f32168a4d5fc5',
  id: '688a513b341f32168a4d5fc5',
  email: 'crm@betonexpress.pro',
  role: 'admin',
  iat: 1753895321,
  exp: 1753909721
}
🔍 Looking for user with userId: 688a513b341f32168a4d5fc5
🔍 Static import result: found
🔍 Dynamic import result: found
🔍 User status: active, isActive: true
✅ User found: crm@betonexpress.pro, role: admin
🔍 Final req.user: set
🔍 Final req.isAdmin: true
🔍 AuthMiddleware: GET /api/settings
🔍 Authorization header: present
🔍 Token: present
✅ Token verified, decoded: {
  userId: '688a513b341f32168a4d5fc5',
  id: '688a513b341f32168a4d5fc5',
  email: 'crm@betonexpress.pro',
  role: 'admin',
  iat: 1753895321,
  exp: 1753909721
}
🔍 Looking for user with userId: 688a513b341f32168a4d5fc5
🔍 Static import result: found
🔍 Dynamic import result: found
🔍 User status: active, isActive: true
✅ User found: crm@betonexpress.pro, role: admin
🔍 Final req.user: set
🔍 Final req.isAdmin: true
🔍 AuthMiddleware: GET /api/settings/submissions.allow_user_status_change
🔍 Authorization header: present
🔍 Token: present
✅ Token verified, decoded: {
  userId: '688a513b341f32168a4d5fc5',
  id: '688a513b341f32168a4d5fc5',
  email: 'crm@betonexpress.pro',
  role: 'admin',
  iat: 1753895321,
  exp: 1753909721
}
🔍 Looking for user with userId: 688a513b341f32168a4d5fc5
🔍 Static import result: found
🔍 Dynamic import result: found
🔍 User status: active, isActive: true
✅ User found: crm@betonexpress.pro, role: admin
🔍 Final req.user: set
🔍 Final req.isAdmin: true
🔍 AuthMiddleware: PUT /api/settings/submissions.allow_user_status_change
🔍 Authorization header: present
🔍 Token: present
✅ Token verified, decoded: {
  userId: '688a513b341f32168a4d5fc5',
  id: '688a513b341f32168a4d5fc5',
  email: 'crm@betonexpress.pro',
  role: 'admin',
  iat: 1753895321,
  exp: 1753909721
}
🔍 Looking for user with userId: 688a513b341f32168a4d5fc5
🔍 Static import result: found
🔍 Dynamic import result: found
🔍 User status: active, isActive: true
✅ User found: crm@betonexpress.pro, role: admin
🔍 Final req.user: set
🔍 Final req.isAdmin: true
🔍 AuthMiddleware: GET /api/settings
🔍 Authorization header: present
🔍 Token: present
✅ Token verified, decoded: {
  userId: '688a513b341f32168a4d5fc5',
  id: '688a513b341f32168a4d5fc5',
  email: 'crm@betonexpress.pro',
  role: 'admin',
  iat: 1753895321,
  exp: 1753909721
}
🔍 Looking for user with userId: 688a513b341f32168a4d5fc5
🔍 Static import result: found
🔍 Dynamic import result: found
🔍 User status: active, isActive: true
✅ User found: crm@betonexpress.pro, role: admin
🔍 Final req.user: set
🔍 Final req.isAdmin: true
🔍 AuthMiddleware: GET /api/forms/bitrix/deal-categories
🔍 Authorization header: present
🔍 Token: present
✅ Token verified, decoded: {
  userId: '688a513b341f32168a4d5fc5',
  id: '688a513b341f32168a4d5fc5',
  email: 'crm@betonexpress.pro',
  role: 'admin',
  iat: 1753895321,
  exp: 1753909721
}
🔍 Looking for user with userId: 688a513b341f32168a4d5fc5
🔍 AuthMiddleware: GET /api/form-fields/bitrix/fields
🔍 Authorization header: present
🔍 Token: present
✅ Token verified, decoded: {
  userId: '688a513b341f32168a4d5fc5',
  id: '688a513b341f32168a4d5fc5',
  email: 'crm@betonexpress.pro',
  role: 'admin',
  iat: 1753895321,
  exp: 1753909721
}
🔍 Looking for user with userId: 688a513b341f32168a4d5fc5
🔍 Static import result: found
🔍 Dynamic import result: found
🔍 User status: active, isActive: true
✅ User found: crm@betonexpress.pro, role: admin
🔍 Final req.user: set
🔍 Final req.isAdmin: true
📦 Memory Cache HIT: bitrix24:deal-categories
📦 Использован кэш для категорий сделок
Полученные данные от Bitrix24: {
  "result": {
    "categories": [
      {
        "id": 6,
        "name": "Обзвон",
        "sort": 100,
        "entityTypeId": 2,
        "isDefault": "N",
        "originId": "",
        "originatorId": ""
      },
      {
        "id": 1,
        "name": "Заявка",
        "sort": 200,
        "entityTypeId": 2,
        "isDefault": "N",
        "originId": "",
        "originatorId": ""
      },
      {
        "id": 0,
        "name": "Ключевые клиенты",
        "sort": 300,
        "entityTypeId": 2,
        "isDefault": "Y"
      },
      {
        "id": 9,
        "name": "Производство",
        "sort": 400,
        "entityTypeId": 2,
        "isDefault": "N",
        "originId": "",
        "originatorId": ""
      },
      {
        "id": 10,
        "name": "Менеджмент",
        "sort": 510,
        "entityTypeId": 2,
        "isDefault": "N",
        "originId": "",
        "originatorId": ""
      }
    ]
  }
}
Отформатированные категории: [
  { id: '6', name: 'Обзвон', sort: 100, isDefault: 'N' },
  { id: '1', name: 'Заявка', sort: 200, isDefault: 'N' },
  { id: '', name: 'Ключевые клиенты', sort: 300, isDefault: 'Y' },
  { id: '9', name: 'Производство', sort: 400, isDefault: 'N' },
  { id: '10', name: 'Менеджмент', sort: 510, isDefault: 'N' }
]
🔍 Static import result: found
🔍 Dynamic import result: found
🔍 User status: active, isActive: true
✅ User found: crm@betonexpress.pro, role: admin
🔍 Final req.user: set
🔍 Final req.isAdmin: true
🔍 AuthMiddleware: GET /api/forms/6852ece595049e61337bb843
🔍 Authorization header: present
🔍 Token: present
✅ Token verified, decoded: {
  userId: '688a513b341f32168a4d5fc5',
  id: '688a513b341f32168a4d5fc5',
  email: 'crm@betonexpress.pro',
  role: 'admin',
  iat: 1753895321,
  exp: 1753909721
}
🔍 Looking for user with userId: 688a513b341f32168a4d5fc5
🔍 Static import result: found
🔍 Dynamic import result: found
🔍 User status: active, isActive: true
✅ User found: crm@betonexpress.pro, role: admin
🔍 Final req.user: set
🔍 Final req.isAdmin: true
Получение формы по ID: 6852ece595049e61337bb843
❌ Memory Cache MISS: forms:form-with-fields:6852ece595049e61337bb843
🔄 Загрузка формы 6852ece595049e61337bb843 из БД
Форма не найдена: 6852ece595049e61337bb843
🔍 AuthMiddleware: GET /api/forms/bitrix/deal-categories
🔍 Authorization header: present
🔍 Token: present
✅ Token verified, decoded: {
  userId: '688a513b341f32168a4d5fc5',
  id: '688a513b341f32168a4d5fc5',
  email: 'crm@betonexpress.pro',
  role: 'admin',
  iat: 1753895321,
  exp: 1753909721
}
🔍 Looking for user with userId: 688a513b341f32168a4d5fc5
🔍 AuthMiddleware: GET /api/users
🔍 Authorization header: missing
🔍 Token: missing
❌ No token provided
🔍 AuthMiddleware: GET /
🔍 Authorization header: missing
🔍 Token: missing
❌ No token provided
🔍 Static import result: found
🔍 Dynamic import result: found
🔍 User status: active, isActive: true
✅ User found: crm@betonexpress.pro, role: admin
🔍 Final req.user: set
🔍 Final req.isAdmin: true
📦 Memory Cache HIT: bitrix24:deal-categories
📦 Использован кэш для категорий сделок
Полученные данные от Bitrix24: {
  "result": {
    "categories": [
      {
        "id": 6,
        "name": "Обзвон",
        "sort": 100,
        "entityTypeId": 2,
        "isDefault": "N",
        "originId": "",
        "originatorId": ""
      },
      {
        "id": 1,
        "name": "Заявка",
        "sort": 200,
        "entityTypeId": 2,
        "isDefault": "N",
        "originId": "",
        "originatorId": ""
      },
      {
        "id": 0,
        "name": "Ключевые клиенты",
        "sort": 300,
        "entityTypeId": 2,
        "isDefault": "Y"
      },
      {
        "id": 9,
        "name": "Производство",
        "sort": 400,
        "entityTypeId": 2,
        "isDefault": "N",
        "originId": "",
        "originatorId": ""
      },
      {
        "id": 10,
        "name": "Менеджмент",
        "sort": 510,
        "entityTypeId": 2,
        "isDefault": "N",
        "originId": "",
        "originatorId": ""
      }
    ]
  }
}
Отформатированные категории: [
  { id: '6', name: 'Обзвон', sort: 100, isDefault: 'N' },
  { id: '1', name: 'Заявка', sort: 200, isDefault: 'N' },
  { id: '', name: 'Ключевые клиенты', sort: 300, isDefault: 'Y' },
  { id: '9', name: 'Производство', sort: 400, isDefault: 'N' },
  { id: '10', name: 'Менеджмент', sort: 510, isDefault: 'N' }
]
🔍 AuthMiddleware: GET /api/forms/bitrix/deal-stages
🔍 Authorization header: present
🔍 Token: present
✅ Token verified, decoded: {
  userId: '688a513b341f32168a4d5fc5',
  id: '688a513b341f32168a4d5fc5',
  email: 'crm@betonexpress.pro',
  role: 'admin',
  iat: 1753895321,
  exp: 1753909721
}
🔍 Looking for user with userId: 688a513b341f32168a4d5fc5
🔍 Static import result: found
🔍 Dynamic import result: found
🔍 User status: active, isActive: true
✅ User found: crm@betonexpress.pro, role: admin
🔍 Final req.user: set
🔍 Final req.isAdmin: true
📦 Memory Cache HIT: bitrix24:deal-stages:0
📦 Использован кэш для статусов категории 0
🔍 AuthMiddleware: GET /api/auth/check
🔍 Authorization header: present
🔍 Token: present
✅ Token verified, decoded: {
  userId: '688a513b341f32168a4d5fc5',
  id: '688a513b341f32168a4d5fc5',
  email: 'crm@betonexpress.pro',
  role: 'admin',
  iat: 1753895321,
  exp: 1753909721
}
🔍 Looking for user with userId: 688a513b341f32168a4d5fc5
🔍 Static import result: found
🔍 Dynamic import result: found
🔍 User status: active, isActive: true
✅ User found: crm@betonexpress.pro, role: admin
🔍 Final req.user: set
🔍 Final req.isAdmin: true
🔍 AuthMiddleware: GET /check
🔍 Authorization header: present
🔍 Token: present
✅ Token verified, decoded: {
  userId: '688a513b341f32168a4d5fc5',
  id: '688a513b341f32168a4d5fc5',
  email: 'crm@betonexpress.pro',
  role: 'admin',
  iat: 1753895321,
  exp: 1753909721
}
🔍 Looking for user with userId: 688a513b341f32168a4d5fc5
🔍 Static import result: found
🔍 Dynamic import result: found
🔍 User status: active, isActive: true
✅ User found: crm@betonexpress.pro, role: admin
🔍 Final req.user: set
🔍 Final req.isAdmin: true
🔍 AuthMiddleware: GET /api/forms
🔍 Authorization header: present
🔍 Token: present
✅ Token verified, decoded: {
  userId: '688a513b341f32168a4d5fc5',
  id: '688a513b341f32168a4d5fc5',
  email: 'crm@betonexpress.pro',
  role: 'admin',
  iat: 1753895321,
  exp: 1753909721
}
🔍 Looking for user with userId: 688a513b341f32168a4d5fc5
🔍 Static import result: found
🔍 Dynamic import result: found
🔍 User status: active, isActive: true
✅ User found: crm@betonexpress.pro, role: admin
🔍 Final req.user: set
🔍 Final req.isAdmin: true
📦 Memory Cache HIT: forms:active-forms-list
📦 Использован кэш для списка форм
🔍 AuthMiddleware: GET /api/forms/6852ece595049e61337bb843
🔍 Authorization header: present
🔍 Token: present
✅ Token verified, decoded: {
  userId: '688a513b341f32168a4d5fc5',
  id: '688a513b341f32168a4d5fc5',
  email: 'crm@betonexpress.pro',
  role: 'admin',
  iat: 1753895321,
  exp: 1753909721
}
🔍 Looking for user with userId: 688a513b341f32168a4d5fc5
🔍 Static import result: found
🔍 Dynamic import result: found
🔍 User status: active, isActive: true
✅ User found: crm@betonexpress.pro, role: admin
🔍 Final req.user: set
🔍 Final req.isAdmin: true
Получение формы по ID: 6852ece595049e61337bb843
❌ Memory Cache MISS: forms:form-with-fields:6852ece595049e61337bb843
🔄 Загрузка формы 6852ece595049e61337bb843 из БД
Форма не найдена: 6852ece595049e61337bb843
🔍 AuthMiddleware: GET /api/auth/check
🔍 Authorization header: present
🔍 Token: present
❌ Ошибка верификации JWT токена: jwt expired
🔍 AuthMiddleware: GET /check
🔍 Authorization header: present
🔍 Token: present
❌ Ошибка верификации JWT токена: jwt expired
🔍 AuthMiddleware: POST /api/auth/refresh
🔍 Authorization header: missing
🔍 Token: missing
❌ No token provided
🔍 AuthMiddleware: GET /api/auth/check
🔍 Authorization header: present
🔍 Token: present
✅ Token verified, decoded: {
  userId: '688a513b341f32168a4d5fc5',
  id: '688a513b341f32168a4d5fc5',
  email: 'crm@betonexpress.pro',
  role: 'admin',
  iat: 1753944796,
  exp: 1753959196
}
🔍 Looking for user with userId: 688a513b341f32168a4d5fc5
🔍 Static import result: found
🔍 Dynamic import result: found
🔍 User status: active, isActive: true
✅ User found: crm@betonexpress.pro, role: admin
🔍 Final req.user: set
🔍 Final req.isAdmin: true
🔍 AuthMiddleware: GET /check
🔍 Authorization header: present
🔍 Token: present
✅ Token verified, decoded: {
  userId: '688a513b341f32168a4d5fc5',
  id: '688a513b341f32168a4d5fc5',
  email: 'crm@betonexpress.pro',
  role: 'admin',
  iat: 1753944796,
  exp: 1753959196
}
🔍 Looking for user with userId: 688a513b341f32168a4d5fc5
🔍 Static import result: found
🔍 Dynamic import result: found
🔍 User status: active, isActive: true
✅ User found: crm@betonexpress.pro, role: admin
🔍 Final req.user: set
🔍 Final req.isAdmin: true
🔍 AuthMiddleware: GET /api/forms
🔍 Authorization header: present
🔍 Token: present
✅ Token verified, decoded: {
  userId: '688a513b341f32168a4d5fc5',
  id: '688a513b341f32168a4d5fc5',
  email: 'crm@betonexpress.pro',
  role: 'admin',
  iat: 1753944796,
  exp: 1753959196
}
🔍 Looking for user with userId: 688a513b341f32168a4d5fc5
🔍 Static import result: found
🔍 Dynamic import result: found
🔍 User status: active, isActive: true
✅ User found: crm@betonexpress.pro, role: admin
🔍 Final req.user: set
🔍 Final req.isAdmin: true
❌ Memory Cache MISS: forms:active-forms-list
🔄 Загрузка форм из БД
💾 Memory Cache SET: forms:active-forms-list (TTL: 600s)
✅ Получено 1 форм
🔍 AuthMiddleware: GET /api/forms
🔍 Authorization header: present
🔍 Token: present
✅ Token verified, decoded: {
  userId: '688a513b341f32168a4d5fc5',
  id: '688a513b341f32168a4d5fc5',
  email: 'crm@betonexpress.pro',
  role: 'admin',
  iat: 1753944796,
  exp: 1753959196
}
🔍 Looking for user with userId: 688a513b341f32168a4d5fc5
🔍 Static import result: found
🔍 Dynamic import result: found
🔍 User status: active, isActive: true
✅ User found: crm@betonexpress.pro, role: admin
🔍 Final req.user: set
🔍 Final req.isAdmin: true
📦 Memory Cache HIT: forms:active-forms-list
📦 Использован кэш для списка форм
🔍 AuthMiddleware: GET /api/forms/6852ece595049e61337bb843
🔍 Authorization header: present
🔍 Token: present
✅ Token verified, decoded: {
  userId: '688a513b341f32168a4d5fc5',
  id: '688a513b341f32168a4d5fc5',
  email: 'crm@betonexpress.pro',
  role: 'admin',
  iat: 1753944796,
  exp: 1753959196
}
🔍 Looking for user with userId: 688a513b341f32168a4d5fc5
🔍 Static import result: found
🔍 Dynamic import result: found
🔍 User status: active, isActive: true
✅ User found: crm@betonexpress.pro, role: admin
🔍 Final req.user: set
🔍 Final req.isAdmin: true
Получение формы по ID: 6852ece595049e61337bb843
❌ Memory Cache MISS: forms:form-with-fields:6852ece595049e61337bb843
🔄 Загрузка формы 6852ece595049e61337bb843 из БД
Форма не найдена: 6852ece595049e61337bb843
🔍 AuthMiddleware: GET /api/auth/check
🔍 Authorization header: present
🔍 Token: present
✅ Token verified, decoded: {
  userId: '688a513b341f32168a4d5fc5',
  id: '688a513b341f32168a4d5fc5',
  email: 'crm@betonexpress.pro',
  role: 'admin',
  iat: 1753944796,
  exp: 1753959196
}
🔍 Looking for user with userId: 688a513b341f32168a4d5fc5
🔍 Static import result: found
🔍 Dynamic import result: found
🔍 User status: active, isActive: true
✅ User found: crm@betonexpress.pro, role: admin
🔍 Final req.user: set
🔍 Final req.isAdmin: true
🔍 AuthMiddleware: GET /check
🔍 Authorization header: present
🔍 Token: present
✅ Token verified, decoded: {
  userId: '688a513b341f32168a4d5fc5',
  id: '688a513b341f32168a4d5fc5',
  email: 'crm@betonexpress.pro',
  role: 'admin',
  iat: 1753944796,
  exp: 1753959196
}
🔍 Looking for user with userId: 688a513b341f32168a4d5fc5
🔍 Static import result: found
🔍 Dynamic import result: found
🔍 User status: active, isActive: true
✅ User found: crm@betonexpress.pro, role: admin
🔍 Final req.user: set
🔍 Final req.isAdmin: true
🔍 AuthMiddleware: GET /api/forms
🔍 Authorization header: present
🔍 Token: present
✅ Token verified, decoded: {
  userId: '688a513b341f32168a4d5fc5',
  id: '688a513b341f32168a4d5fc5',
  email: 'crm@betonexpress.pro',
  role: 'admin',
  iat: 1753944796,
  exp: 1753959196
}
🔍 Looking for user with userId: 688a513b341f32168a4d5fc5
🔍 Static import result: found
🔍 Dynamic import result: found
🔍 User status: active, isActive: true
✅ User found: crm@betonexpress.pro, role: admin
🔍 Final req.user: set
🔍 Final req.isAdmin: true
📦 Memory Cache HIT: forms:active-forms-list
📦 Использован кэш для списка форм
🔍 AuthMiddleware: GET /api/auth/check
🔍 Authorization header: present
🔍 Token: present
✅ Token verified, decoded: {
  userId: '688a513b341f32168a4d5fc5',
  id: '688a513b341f32168a4d5fc5',
  email: 'crm@betonexpress.pro',
  role: 'admin',
  iat: 1753944796,
  exp: 1753959196
}
🔍 Looking for user with userId: 688a513b341f32168a4d5fc5
🔍 Static import result: found
🔍 Dynamic import result: found
🔍 User status: active, isActive: true
✅ User found: crm@betonexpress.pro, role: admin
🔍 Final req.user: set
🔍 Final req.isAdmin: true
🔍 AuthMiddleware: GET /check
🔍 Authorization header: present
🔍 Token: present
✅ Token verified, decoded: {
  userId: '688a513b341f32168a4d5fc5',
  id: '688a513b341f32168a4d5fc5',
  email: 'crm@betonexpress.pro',
  role: 'admin',
  iat: 1753944796,
  exp: 1753959196
}
🔍 Looking for user with userId: 688a513b341f32168a4d5fc5
🔍 Static import result: found
🔍 Dynamic import result: found
🔍 User status: active, isActive: true
✅ User found: crm@betonexpress.pro, role: admin
🔍 Final req.user: set
🔍 Final req.isAdmin: true
🔍 AuthMiddleware: GET /api/forms
🔍 Authorization header: present
🔍 Token: present
✅ Token verified, decoded: {
  userId: '688a513b341f32168a4d5fc5',
  id: '688a513b341f32168a4d5fc5',
  email: 'crm@betonexpress.pro',
  role: 'admin',
  iat: 1753944796,
  exp: 1753959196
}
🔍 Looking for user with userId: 688a513b341f32168a4d5fc5
🔍 Static import result: found
🔍 Dynamic import result: found
🔍 User status: active, isActive: true
✅ User found: crm@betonexpress.pro, role: admin
🔍 Final req.user: set
🔍 Final req.isAdmin: true
📦 Memory Cache HIT: forms:active-forms-list
📦 Использован кэш для списка форм
🔍 AuthMiddleware: GET /api/forms/6852ece595049e61337bb843
🔍 Authorization header: present
🔍 Token: present
✅ Token verified, decoded: {
  userId: '688a513b341f32168a4d5fc5',
  id: '688a513b341f32168a4d5fc5',
  email: 'crm@betonexpress.pro',
  role: 'admin',
  iat: 1753944796,
  exp: 1753959196
}
🔍 Looking for user with userId: 688a513b341f32168a4d5fc5
🔍 Static import result: found
🔍 Dynamic import result: found
🔍 User status: active, isActive: true
✅ User found: crm@betonexpress.pro, role: admin
🔍 Final req.user: set
🔍 Final req.isAdmin: true
Получение формы по ID: 6852ece595049e61337bb843
❌ Memory Cache MISS: forms:form-with-fields:6852ece595049e61337bb843
🔄 Загрузка формы 6852ece595049e61337bb843 из БД
Форма не найдена: 6852ece595049e61337bb843
🔍 AuthMiddleware: GET /api/auth/check
🔍 Authorization header: present
🔍 Token: present
✅ Token verified, decoded: {
  userId: '688a513b341f32168a4d5fc5',
  id: '688a513b341f32168a4d5fc5',
  email: 'crm@betonexpress.pro',
  role: 'admin',
  iat: 1753944796,
  exp: 1753959196
}
🔍 Looking for user with userId: 688a513b341f32168a4d5fc5
🔍 Static import result: found
🔍 Dynamic import result: found
🔍 User status: active, isActive: true
✅ User found: crm@betonexpress.pro, role: admin
🔍 Final req.user: set
🔍 Final req.isAdmin: true
🔍 AuthMiddleware: GET /check
🔍 Authorization header: present
🔍 Token: present
✅ Token verified, decoded: {
  userId: '688a513b341f32168a4d5fc5',
  id: '688a513b341f32168a4d5fc5',
  email: 'crm@betonexpress.pro',
  role: 'admin',
  iat: 1753944796,
  exp: 1753959196
}
🔍 Looking for user with userId: 688a513b341f32168a4d5fc5
🔍 Static import result: found
🔍 Dynamic import result: found
🔍 User status: active, isActive: true
✅ User found: crm@betonexpress.pro, role: admin
🔍 Final req.user: set
🔍 Final req.isAdmin: true
🔍 AuthMiddleware: GET /api/forms
🔍 Authorization header: present
🔍 Token: present
✅ Token verified, decoded: {
  userId: '688a513b341f32168a4d5fc5',
  id: '688a513b341f32168a4d5fc5',
  email: 'crm@betonexpress.pro',
  role: 'admin',
  iat: 1753944796,
  exp: 1753959196
}
🔍 Looking for user with userId: 688a513b341f32168a4d5fc5
🔍 Static import result: found
🔍 Dynamic import result: found
🔍 User status: active, isActive: true
✅ User found: crm@betonexpress.pro, role: admin
🔍 Final req.user: set
🔍 Final req.isAdmin: true
📦 Memory Cache HIT: forms:active-forms-list
📦 Использован кэш для списка форм
🔍 AuthMiddleware: GET /api/forms
🔍 Authorization header: present
🔍 Token: present
✅ Token verified, decoded: {
  userId: '688a513b341f32168a4d5fc5',
  id: '688a513b341f32168a4d5fc5',
  email: 'crm@betonexpress.pro',
  role: 'admin',
  iat: 1753944796,
  exp: 1753959196
}
🔍 Looking for user with userId: 688a513b341f32168a4d5fc5
🔍 Static import result: found
🔍 Dynamic import result: found
🔍 User status: active, isActive: true
✅ User found: crm@betonexpress.pro, role: admin
🔍 Final req.user: set
🔍 Final req.isAdmin: true
📦 Memory Cache HIT: forms:active-forms-list
📦 Использован кэш для списка форм
🔍 AuthMiddleware: GET /debug/form/6852ece595049e61337bb843
🔍 Authorization header: present
🔍 Token: present
✅ Token verified, decoded: {
  userId: '688a513b341f32168a4d5fc5',
  id: '688a513b341f32168a4d5fc5',
  email: 'crm@betonexpress.pro',
  role: 'admin',
  iat: 1753944796,
  exp: 1753959196
}
🔍 Looking for user with userId: 688a513b341f32168a4d5fc5
🔍 Static import result: found
🔍 Dynamic import result: found
🔍 User status: active, isActive: true
✅ User found: crm@betonexpress.pro, role: admin
🔍 Final req.user: set
🔍 Final req.isAdmin: true
🔍 AuthMiddleware: GET /debug/form/6852ece595049e61337bb843
🔍 Authorization header: missing
🔍 Token: missing
❌ No token provided
