2025-08-25 16:14:27 - Начало создания бэкапа локальной БД
2025-08-25 16:14:27 - Бэкап локальной БД успешно создан: local_backup_20250825_161427.sql
2025-08-25 16:19:01 - Начало синхронизации продакшн БД с локальной
2025-08-25 16:19:01 - Начало создания бэкапа локальной БД
2025-08-25 16:19:02 - Бэкап локальной БД успешно создан: local_backup_20250825_161851.sql
2025-08-25 16:19:04 - Синхронизация продакшн БД с локальной успешно завершена
2025-08-25 16:35:13 - Начало синхронизации продакшн БД с локальной
2025-08-25 16:35:13 - Начало создания бэкапа локальной БД
2025-08-25 16:35:13 - Бэкап локальной БД успешно создан: local_backup_20250825_163507.sql
2025-08-25 16:35:17 - Синхронизация продакшн БД с локальной успешно завершена
2025-08-25 16:50:51 - Начало синхронизации продакшн БД с локальной
2025-08-25 16:50:51 - Начало создания бэкапа локальной БД
2025-08-25 16:50:51 - Бэкап локальной БД успешно создан: local_backup_20250825_165048.sql
2025-08-25 16:50:54 - Синхронизация продакшн БД с локальной успешно завершена
2025-09-17 17:31:05 - Начало синхронизации продакшн БД с локальной
2025-09-17 17:31:05 - Начало создания бэкапа локальной БД
2025-09-17 17:31:05 - Бэкап локальной БД успешно создан: local_backup_20250917_173053.sql
2025-09-17 17:31:08 - Синхронизация продакшн БД с локальной успешно завершена
2025-09-30 22:29:04 - Начало синхронизации продакшн БД с локальной
2025-09-30 22:29:04 - Начало создания бэкапа локальной БД
2025-09-30 22:29:04 - ОШИБКА: Не удалось создать бэкап локальной БД
2025-09-30 22:29:43 - Начало синхронизации продакшн БД с локальной
2025-09-30 22:29:43 - Начало создания бэкапа локальной БД
2025-09-30 22:29:43 - ОШИБКА: Не удалось создать бэкап локальной БД
2025-09-30 22:32:05 - Начало синхронизации продакшн БД с локальной
2025-09-30 22:32:05 - Начало создания бэкапа локальной БД
2025-09-30 22:32:05 - ОШИБКА: Не удалось создать бэкап локальной БД
2025-09-30 22:35:19 - Начало создания бэкапа локальной БД
2025-09-30 22:35:19 - Бэкап локальной БД успешно создан: local_backup_20250930_223519.sql
2025-09-30 22:36:06 - Начало синхронизации продакшн БД с локальной
2025-09-30 22:36:06 - Начало создания бэкапа локальной БД
2025-09-30 22:36:07 - Бэкап локальной БД успешно создан: local_backup_20250930_223554.sql
2025-09-30 22:36:29 - Синхронизация продакшн БД с локальной успешно завершена
2025-09-30 22:42:21 - Начало синхронизации продакшн БД с локальной
2025-09-30 22:42:21 - Начало создания бэкапа локальной БД
2025-09-30 22:42:21 - Бэкап локальной БД успешно создан: local_backup_20250930_224208.sql
2025-09-30 22:43:04 - Синхронизация продакшн БД с локальной успешно завершена
2025-11-29 13:42:34 - Начало синхронизации продакшн БД с локальной
2025-11-29 13:42:34 - Начало создания бэкапа локальной БД
2025-11-29 13:42:34 - Бэкап локальной БД успешно создан: local_backup_20251129_134219.sql
2025-11-29 13:46:26 - Синхронизация продакшн БД с локальной успешно завершена
